<?xml version="1.0" encoding="UTF-8"?>
<testsuite name="BasicDataTest" tests="3" skipped="0" failures="0" errors="0" timestamp="2018-09-17T00:50:17" hostname="HP-Linux" time="0.021">
  <properties/>
  <testcase name="testBasicDataSaveLoad" classname="BasicDataTest" time="0.011"/>
  <testcase name="testBasicDataNotDirExists" classname="BasicDataTest" time="0.007"/>
  <testcase name="testBasicDataDirExists" classname="BasicDataTest" time="0.001"/>
  <system-out><![CDATA[]]></system-out>
  <system-err><![CDATA[]]></system-err>
</testsuite>
