<?xml version="1.0" encoding="UTF-8"?>
<testsuite name="MainWindowTest" tests="4" skipped="0" failures="0" errors="0" timestamp="2018-09-17T12:35:18" hostname="HP-Linux" time="1.807">
  <properties/>
  <testcase name="testMainWindowEditRecord" classname="MainWindowTest" time="0.783"/>
  <testcase name="testMainWindowUpdateBasicData" classname="MainWindowTest" time="0.248"/>
  <testcase name="testMainWindowRemoveRecord" classname="MainWindowTest" time="0.575"/>
  <testcase name="testMainWindowSetRecord" classname="MainWindowTest" time="0.198"/>
  <system-out><![CDATA[]]></system-out>
  <system-err><![CDATA[]]></system-err>
</testsuite>
