<?xml version="1.0" encoding="UTF-8"?>
<testsuite name="MainWindowTest" tests="4" skipped="0" failures="0" errors="0" timestamp="2018-09-18T11:16:26" hostname="HP-Linux" time="2.271">
  <properties/>
  <testcase name="testMainWindowEditRecord" classname="MainWindowTest" time="1.225"/>
  <testcase name="testMainWindowUpdateBasicData" classname="MainWindowTest" time="0.632"/>
  <testcase name="testMainWindowRemoveRecord" classname="MainWindowTest" time="0.245"/>
  <testcase name="testMainWindowSetRecord" classname="MainWindowTest" time="0.165"/>
  <system-out><![CDATA[]]></system-out>
  <system-err><![CDATA[]]></system-err>
</testsuite>
