<?xml version="1.0" encoding="UTF-8"?>
<testsuite name="MainWindowTest" tests="1" skipped="0" failures="0" errors="0" timestamp="2018-09-16T09:57:57" hostname="HP-Linux" time="0.399">
  <properties/>
  <testcase name="testMainWindow" classname="MainWindowTest" time="0.399"/>
  <system-out><![CDATA[]]></system-out>
  <system-err><![CDATA[]]></system-err>
</testsuite>
